Drill report for K:\home\projects\CPU2908C\KiCAD\Machxo2_breakout\o2_breakout\o2_breakout.kicad_pcb
Created on 2019/12/23 7:02:58

Copper Layer Stackup:
    =============================================================
    L1 :  F.Cu                      front
    L2 :  B.Cu                      back


Drill file 'o2_breakout.drl' contains
    plated through holes:
    =============================================================
    T1  0.40mm  0.016"  (432 holes)
    T2  0.50mm  0.020"  (1 hole)
    T3  0.80mm  0.032"  (2 holes)
    T4  1.00mm  0.039"  (80 holes)
    T5  1.10mm  0.043"  (4 holes)

    Total plated holes count 519


Not plated through holes are merged with plated holes
    unplated through holes:
    =============================================================
    T6  3.20mm  0.126"  (4 holes)

    Total unplated holes count 4
